<?xml version="1.0" encoding="utf-8"?><testsuites name="pytest tests"><testsuite name="pytest" errors="0" failures="0" skipped="0" tests="14" time="4.307" timestamp="2026-02-28T12:03:11.688133+00:00" hostname="agent-env-7992d832-194a-4402-9449-e99945295a00"><testcase classname="backend.tests.test_recurring_late_completion.TestTaskTemplates" name="test_create_recurring_template" time="0.948" /><testcase classname="backend.tests.test_recurring_late_completion.TestTaskTemplates" name="test_create_simple_template" time="0.082" /><testcase classname="backend.tests.test_recurring_late_completion.TestTaskTemplates" name="test_get_templates_list" time="0.081" /><testcase classname="backend.tests.test_recurring_late_completion.TestTaskTemplates" name="test_update_template_toggle_active" time="0.184" /><testcase classname="backend.tests.test_recurring_late_completion.TestTaskTemplates" name="test_update_template_fields" time="0.406" /><testcase classname="backend.tests.test_recurring_late_completion.TestTaskTemplates" name="test_staff_cannot_create_template" time="0.084" /><testcase classname="backend.tests.test_recurring_late_completion.TestGenerateRecurringTasks" name="test_generate_now_creates_tasks" time="0.353" /><testcase classname="backend.tests.test_recurring_late_completion.TestGenerateRecurringTasks" name="test_staff_cannot_generate_now" time="0.089" /><testcase classname="backend.tests.test_recurring_late_completion.TestLateCompletion" name="test_complete_from_not_completed_status" time="0.511" /><testcase classname="backend.tests.test_recurring_late_completion.TestLateCompletion" name="test_task_response_includes_late_fields" time="0.083" /><testcase classname="backend.tests.test_recurring_late_completion.TestTaskFieldsStructure" name="test_task_detail_has_new_fields" time="0.180" /><testcase classname="backend.tests.test_recurring_late_completion.TestTaskFieldsStructure" name="test_generated_task_has_template_id" time="0.332" /><testcase classname="backend.tests.test_recurring_late_completion.TestCompleteEndpointStatuses" name="test_complete_from_in_progress" time="0.465" /><testcase classname="backend.tests.test_recurring_late_completion.TestCompleteEndpointStatuses" name="test_cannot_complete_from_pending" time="0.372" /></testsuite></testsuites>