<?xml version="1.0" encoding="utf-8"?><testsuites name="pytest tests"><testsuite name="pytest" errors="0" failures="0" skipped="0" tests="15" time="2.676" timestamp="2026-02-21T09:12:12.582257+00:00" hostname="agent-env-7992d832-194a-4402-9449-e99945295a00"><testcase classname="backend.tests.test_zomoto_comprehensive.TestAuthentication" name="test_owner_login_success" time="0.754" /><testcase classname="backend.tests.test_zomoto_comprehensive.TestAuthentication" name="test_manager_login_success" time="0.276" /><testcase classname="backend.tests.test_zomoto_comprehensive.TestAuthentication" name="test_staff_login_success" time="0.276" /><testcase classname="backend.tests.test_zomoto_comprehensive.TestAuthentication" name="test_invalid_credentials_rejected" time="0.057" /><testcase classname="backend.tests.test_zomoto_comprehensive.TestTaskOperations" name="test_get_tasks_list_no_error" time="0.060" /><testcase classname="backend.tests.test_zomoto_comprehensive.TestTaskOperations" name="test_create_instant_task_success" time="0.372" /><testcase classname="backend.tests.test_zomoto_comprehensive.TestTaskOperations" name="test_create_recurring_task_success" time="0.062" /><testcase classname="backend.tests.test_zomoto_comprehensive.TestTaskOperations" name="test_get_task_details_success" time="0.125" /><testcase classname="backend.tests.test_zomoto_comprehensive.TestTaskOperations" name="test_update_task_success" time="0.120" /><testcase classname="backend.tests.test_zomoto_comprehensive.TestTaskOperations" name="test_start_task_success" time="0.126" /><testcase classname="backend.tests.test_zomoto_comprehensive.TestTaskTemplates" name="test_create_template_success" time="0.068" /><testcase classname="backend.tests.test_zomoto_comprehensive.TestTaskTemplates" name="test_get_templates_list" time="0.068" /><testcase classname="backend.tests.test_zomoto_comprehensive.TestCategories" name="test_get_categories_returns_seeded" time="0.063" /><testcase classname="backend.tests.test_zomoto_comprehensive.TestUsers" name="test_get_users_returns_seeded" time="0.052" /><testcase classname="backend.tests.test_zomoto_comprehensive.TestDashboard" name="test_dashboard_stats_returns_counts" time="0.064" /></testsuite></testsuites>