<?xml version="1.0" encoding="utf-8"?><testsuites name="pytest tests"><testsuite name="pytest" errors="0" failures="2" skipped="0" tests="21" time="4.293" timestamp="2026-02-21T09:16:42.108180+00:00" hostname="agent-env-7992d832-194a-4402-9449-e99945295a00"><testcase classname="backend.tests.test_task_lifecycle.TestAuthentication" name="test_owner_login" time="0.631" /><testcase classname="backend.tests.test_task_lifecycle.TestAuthentication" name="test_manager_login" time="0.275" /><testcase classname="backend.tests.test_task_lifecycle.TestAuthentication" name="test_staff_login" time="0.280" /><testcase classname="backend.tests.test_task_lifecycle.TestAuthentication" name="test_invalid_login" time="0.046" /><testcase classname="backend.tests.test_task_lifecycle.TestTaskCreation" name="test_create_instant_task_with_time_interval" time="0.350" /><testcase classname="backend.tests.test_task_lifecycle.TestTaskCreation" name="test_create_task_with_hours_interval" time="0.334" /><testcase classname="backend.tests.test_task_lifecycle.TestTaskCreation" name="test_staff_cannot_create_task" time="0.047" /><testcase classname="backend.tests.test_task_lifecycle.TestTaskLifecycle" name="test_start_task_from_pending" time="0.113"><failure message="KeyError: 'start_time'">backend/tests/test_task_lifecycle.py:240: in test_start_task_from_pending
    assert data['start_time'] is not None
           ^^^^^^^^^^^^^^^^^^
E   KeyError: 'start_time'</failure></testcase><testcase classname="backend.tests.test_task_lifecycle.TestTaskLifecycle" name="test_complete_task_without_proof_fails" time="0.166" /><testcase classname="backend.tests.test_task_lifecycle.TestTaskLifecycle" name="test_upload_proof_photo" time="0.276" /><testcase classname="backend.tests.test_task_lifecycle.TestTaskLifecycle" name="test_verify_task_by_manager" time="0.416" /><testcase classname="backend.tests.test_task_lifecycle.TestTaskLifecycle" name="test_staff_cannot_verify_task" time="0.389" /><testcase classname="backend.tests.test_task_lifecycle.TestTaskDelete" name="test_owner_can_delete_task" time="0.160" /><testcase classname="backend.tests.test_task_lifecycle.TestTaskDelete" name="test_manager_can_delete_task" time="0.107" /><testcase classname="backend.tests.test_task_lifecycle.TestTaskDelete" name="test_staff_cannot_delete_task" time="0.121" /><testcase classname="backend.tests.test_task_lifecycle.TestTaskEdit" name="test_owner_can_edit_task" time="0.112" /><testcase classname="backend.tests.test_task_lifecycle.TestTaskList" name="test_get_tasks_list" time="0.048" /><testcase classname="backend.tests.test_task_lifecycle.TestTaskList" name="test_filter_tasks_by_status" time="0.048" /><testcase classname="backend.tests.test_task_lifecycle.TestTaskList" name="test_staff_sees_only_assigned_tasks" time="0.049" /><testcase classname="backend.tests.test_task_lifecycle.TestTaskDetail" name="test_task_detail_shows_time_info" time="0.106" /><testcase classname="backend.tests.test_task_lifecycle.TestDashboardStats" name="test_dashboard_stats_include_all_statuses" time="0.060"><failure message="AssertionError: assert 'pending' in {'completed': 1, 'in_progress': 4, 'staff_count': 2, 'tasks_to_assign': 1, ...}">backend/tests/test_task_lifecycle.py:670: in test_dashboard_stats_include_all_statuses
    assert 'pending' in data
E   AssertionError: assert 'pending' in {'completed': 1, 'in_progress': 4, 'staff_count': 2, 'tasks_to_assign': 1, ...}</failure></testcase></testsuite></testsuites>